# JRE version: OpenJDK Runtime Environment Microsoft-8035246 (17.0.8+7) (build 17.0.8+7-LTS)
# Java VM: OpenJDK 64-Bit Server VM Microsoft-8035246 (17.0.8+7-LTS, mixed mode, sharing, tiered, compressed oops, compressed class ptrs, g1 gc, windows-amd64)
GC Precious Log:
 CPUs: 8 total, 8 available
 Memory: 7877M
 Large Page Support: Disabled
 NUMA Support: Disabled
 Compressed Oops: Enabled (32-bit)
 Heap Region Size: 1M
 Heap Min Capacity: 8M
 Heap Initial Capacity: 124M
 Heap Max Capacity: 2G
 Pre-touch: Disabled
 Parallel Workers: 8
 Concurrent Workers: 2
 Concurrent Refinement Workers: 8
 Periodic GC: Disabled
Heap:
 garbage-first heap   total 390144K, used 274236K [0x0000000080000000, 0x0000000100000000)
  region size 1024K, 69 young (70656K), 2 survivors (2048K)
 Metaspace       used 111911K, committed 113152K, reserved 557056K
  class space    used 15541K, committed 16128K, reserved 425984K
GC Heap History (20 events):
Event: 37.002 GC heap before
{Heap before GC invocations=47 (full 0):
 garbage-first heap   total 208896K, used 178041K [0x0000000080000000, 0x0000000100000000)
  region size 1024K, 24 young (24576K), 4 survivors (4096K)
 Metaspace       used 104721K, committed 105792K, reserved 557056K
  class space    used 14588K, committed 15104K, reserved 425984K
}
Event: 37.006 GC heap after
{Heap after GC invocations=48 (full 0):
 garbage-first heap   total 251904K, used 160988K [0x0000000080000000, 0x0000000100000000)
  region size 1024K, 3 young (3072K), 3 survivors (3072K)
 Metaspace       used 104721K, committed 105792K, reserved 557056K
  class space    used 14588K, committed 15104K, reserved 425984K
}
Event: 37.539 GC heap before
{Heap before GC invocations=48 (full 0):
 garbage-first heap   total 251904K, used 208092K [0x0000000080000000, 0x0000000100000000)
  region size 1024K, 48 young (49152K), 3 survivors (3072K)
 Metaspace       used 105213K, committed 106304K, reserved 557056K
  class space    used 14646K, committed 15168K, reserved 425984K
}
Event: 37.545 GC heap after
{Heap after GC invocations=49 (full 0):
 garbage-first heap   total 251904K, used 172859K [0x0000000080000000, 0x0000000100000000)
  region size 1024K, 6 young (6144K), 6 survivors (6144K)
 Metaspace       used 105213K, committed 106304K, reserved 557056K
  class space    used 14646K, committed 15168K, reserved 425984K
}
Event: 38.014 GC heap before
{Heap before GC invocations=49 (full 0):
 garbage-first heap   total 251904K, used 209723K [0x0000000080000000, 0x0000000100000000)
  region size 1024K, 41 young (41984K), 6 survivors (6144K)
 Metaspace       used 105592K, committed 106752K, reserved 557056K
  class space    used 14689K, committed 15232K, reserved 425984K
}
Event: 38.020 GC heap after
{Heap after GC invocations=50 (full 0):
 garbage-first heap   total 251904K, used 183100K [0x0000000080000000, 0x0000000100000000)
  region size 1024K, 6 young (6144K), 6 survivors (6144K)
 Metaspace       used 105592K, committed 106752K, reserved 557056K
  class space    used 14689K, committed 15232K, reserved 425984K
}
Event: 38.241 GC heap before
{Heap before GC invocations=50 (full 0):
 garbage-first heap   total 251904K, used 209724K [0x0000000080000000, 0x0000000100000000)
  region size 1024K, 33 young (33792K), 6 survivors (6144K)
 Metaspace       used 106868K, committed 108032K, reserved 557056K
  class space    used 14867K, committed 15424K, reserved 425984K
}
Event: 38.247 GC heap after
{Heap after GC invocations=51 (full 0):
 garbage-first heap   total 251904K, used 185835K [0x0000000080000000, 0x0000000100000000)
  region size 1024K, 3 young (3072K), 3 survivors (3072K)
 Metaspace       used 106868K, committed 108032K, reserved 557056K
  class space    used 14867K, committed 15424K, reserved 425984K
}
Event: 38.402 GC heap before
{Heap before GC invocations=51 (full 0):
 garbage-first heap   total 251904K, used 203243K [0x0000000080000000, 0x0000000100000000)
  region size 1024K, 21 young (21504K), 3 survivors (3072K)
 Metaspace       used 108301K, committed 109440K, reserved 557056K
  class space    used 15111K, committed 15680K, reserved 425984K
}
Event: 38.405 GC heap after
{Heap after GC invocations=52 (full 0):
 garbage-first heap   total 251904K, used 187362K [0x0000000080000000, 0x0000000100000000)
  region size 1024K, 2 young (2048K), 2 survivors (2048K)
 Metaspace       used 108301K, committed 109440K, reserved 557056K
  class space    used 15111K, committed 15680K, reserved 425984K
}
Event: 38.753 GC heap before
{Heap before GC invocations=53 (full 0):
 garbage-first heap   total 324608K, used 206818K [0x0000000080000000, 0x0000000100000000)
  region size 1024K, 22 young (22528K), 2 survivors (2048K)
 Metaspace       used 109531K, committed 110656K, reserved 557056K
  class space    used 15275K, committed 15808K, reserved 425984K
}
Event: 38.764 GC heap after
{Heap after GC invocations=54 (full 0):
 garbage-first heap   total 324608K, used 189256K [0x0000000080000000, 0x0000000100000000)
  region size 1024K, 3 young (3072K), 3 survivors (3072K)
 Metaspace       used 109531K, committed 110656K, reserved 557056K
  class space    used 15275K, committed 15808K, reserved 425984K
}
Event: 38.974 GC heap before
{Heap before GC invocations=54 (full 0):
 garbage-first heap   total 324608K, used 201544K [0x0000000080000000, 0x0000000100000000)
  region size 1024K, 15 young (15360K), 3 survivors (3072K)
 Metaspace       used 109706K, committed 110848K, reserved 557056K
  class space    used 15288K, committed 15808K, reserved 425984K
}
Event: 38.980 GC heap after
{Heap after GC invocations=55 (full 0):
 garbage-first heap   total 324608K, used 190611K [0x0000000080000000, 0x0000000100000000)
  region size 1024K, 2 young (2048K), 2 survivors (2048K)
 Metaspace       used 109706K, committed 110848K, reserved 557056K
  class space    used 15288K, committed 15808K, reserved 425984K
}
Event: 39.506 GC heap before
{Heap before GC invocations=55 (full 0):
 garbage-first heap   total 324608K, used 262291K [0x0000000080000000, 0x0000000100000000)
  region size 1024K, 72 young (73728K), 2 survivors (2048K)
 Metaspace       used 110476K, committed 111616K, reserved 557056K
  class space    used 15346K, committed 15872K, reserved 425984K
}
Event: 39.513 GC heap after
{Heap after GC invocations=56 (full 0):
 garbage-first heap   total 390144K, used 197697K [0x0000000080000000, 0x0000000100000000)
  region size 1024K, 9 young (9216K), 9 survivors (9216K)
 Metaspace       used 110476K, committed 111616K, reserved 557056K
  class space    used 15346K, committed 15872K, reserved 425984K
}
Event: 40.480 GC heap before
{Heap before GC invocations=57 (full 0):
 garbage-first heap   total 390144K, used 303169K [0x0000000080000000, 0x0000000100000000)
  region size 1024K, 113 young (115712K), 9 survivors (9216K)
 Metaspace       used 111845K, committed 113088K, reserved 557056K
  class space    used 15539K, committed 16128K, reserved 425984K
}
Event: 40.494 GC heap after
{Heap after GC invocations=58 (full 0):
 garbage-first heap   total 390144K, used 206717K [0x0000000080000000, 0x0000000100000000)
  region size 1024K, 15 young (15360K), 15 survivors (15360K)
 Metaspace       used 111845K, committed 113088K, reserved 557056K
  class space    used 15539K, committed 16128K, reserved 425984K
}
Event: 40.519 GC heap before
{Heap before GC invocations=58 (full 0):
 garbage-first heap   total 390144K, used 209789K [0x0000000080000000, 0x0000000100000000)
  region size 1024K, 19 young (19456K), 15 survivors (15360K)
 Metaspace       used 111860K, committed 113088K, reserved 557056K
  class space    used 15539K, committed 16128K, reserved 425984K
}
Event: 40.542 GC heap after
{Heap after GC invocations=59 (full 0):
 garbage-first heap   total 390144K, used 207676K [0x0000000080000000, 0x0000000100000000)
  region size 1024K, 2 young (2048K), 2 survivors (2048K)
 Metaspace       used 111860K, committed 113088K, reserved 557056K
  class space    used 15539K, committed 16128K, reserved 425984K
}

